<?xml version="1.0" encoding="UTF-8"?>
<!-- Generated by org.testng.reporters.JUnitReportReporter -->
<testsuite hostname="Aravindh-PC" failures="0" tests="1" name="HashPack.HashFreeCRMTest" time="43.460" errors="0" timestamp="28 Apr 2019 01:42:15 GMT" skipped="0">
  <testcase classname="HashPack.HashFreeCRMTest" name="loginfreecrm" time="43.460"/>
</testsuite> <!-- HashPack.HashFreeCRMTest -->
